<?xml version="1.0" encoding="UTF-8"?>
<testsuite xmlns:xsi="http://www.w3.org/2001/XMLSchema-instance" xsi:noNamespaceSchemaLocation="https://maven.apache.org/surefire/maven-surefire-plugin/xsd/surefire-test-report.xsd" name="com.parkit.parkingsystem.ParkingServiceTest" time="0.104" tests="4" errors="0" skipped="0" failures="0">
  <properties>
    <property name="sun.desktop" value="windows"/>
    <property name="awt.toolkit" value="sun.awt.windows.WToolkit"/>
    <property name="java.specification.version" value="11"/>
    <property name="sun.cpu.isalist" value="amd64"/>
    <property name="sun.jnu.encoding" value="Cp1252"/>
    <property name="java.class.path" value="C:\WorkSpace\OpenclassroomsP5\parkingsystem\target\test-classes;C:\WorkSpace\OpenclassroomsP5\parkingsystem\target\classes;C:\Users\Muriel.Proton.L2621414\.m2\repository\org\apache\logging\log4j\log4j-api\2.12.1\log4j-api-2.12.1.jar;C:\Users\Muriel.Proton.L2621414\.m2\repository\org\apache\logging\log4j\log4j-core\2.12.1\log4j-core-2.12.1.jar;C:\Users\Muriel.Proton.L2621414\.m2\repository\org\apache\logging\log4j\log4j-1.2-api\2.2\log4j-1.2-api-2.2.jar;C:\Users\Muriel.Proton.L2621414\.m2\repository\mysql\mysql-connector-java\8.0.17\mysql-connector-java-8.0.17.jar;C:\Users\Muriel.Proton.L2621414\.m2\repository\com\google\protobuf\protobuf-java\3.6.1\protobuf-java-3.6.1.jar;C:\Users\Muriel.Proton.L2621414\.m2\repository\org\junit\jupiter\junit-jupiter-api\5.3.2\junit-jupiter-api-5.3.2.jar;C:\Users\Muriel.Proton.L2621414\.m2\repository\org\apiguardian\apiguardian-api\1.0.0\apiguardian-api-1.0.0.jar;C:\Users\Muriel.Proton.L2621414\.m2\repository\org\opentest4j\opentest4j\1.1.1\opentest4j-1.1.1.jar;C:\Users\Muriel.Proton.L2621414\.m2\repository\org\junit\platform\junit-platform-commons\1.3.2\junit-platform-commons-1.3.2.jar;C:\Users\Muriel.Proton.L2621414\.m2\repository\org\junit\jupiter\junit-jupiter-engine\5.3.2\junit-jupiter-engine-5.3.2.jar;C:\Users\Muriel.Proton.L2621414\.m2\repository\org\junit\platform\junit-platform-engine\1.3.2\junit-platform-engine-1.3.2.jar;C:\Users\Muriel.Proton.L2621414\.m2\repository\org\mockito\mockito-junit-jupiter\2.23.4\mockito-junit-jupiter-2.23.4.jar;C:\Users\Muriel.Proton.L2621414\.m2\repository\org\mockito\mockito-core\2.23.4\mockito-core-2.23.4.jar;C:\Users\Muriel.Proton.L2621414\.m2\repository\net\bytebuddy\byte-buddy-agent\1.9.3\byte-buddy-agent-1.9.3.jar;C:\Users\Muriel.Proton.L2621414\.m2\repository\org\objenesis\objenesis\2.6\objenesis-2.6.jar;C:\Users\Muriel.Proton.L2621414\.m2\repository\org\jacoco\jacoco-maven-plugin\0.8.5\jacoco-maven-plugin-0.8.5.jar;C:\Users\Muriel.Proton.L2621414\.m2\repository\org\apache\maven\maven-plugin-api\3.0\maven-plugin-api-3.0.jar;C:\Users\Muriel.Proton.L2621414\.m2\repository\org\sonatype\sisu\sisu-inject-plexus\1.4.2\sisu-inject-plexus-1.4.2.jar;C:\Users\Muriel.Proton.L2621414\.m2\repository\org\sonatype\sisu\sisu-inject-bean\1.4.2\sisu-inject-bean-1.4.2.jar;C:\Users\Muriel.Proton.L2621414\.m2\repository\org\sonatype\sisu\sisu-guice\2.1.7\sisu-guice-2.1.7-noaop.jar;C:\Users\Muriel.Proton.L2621414\.m2\repository\org\apache\maven\maven-core\3.0\maven-core-3.0.jar;C:\Users\Muriel.Proton.L2621414\.m2\repository\org\apache\maven\maven-settings\3.0\maven-settings-3.0.jar;C:\Users\Muriel.Proton.L2621414\.m2\repository\org\apache\maven\maven-settings-builder\3.0\maven-settings-builder-3.0.jar;C:\Users\Muriel.Proton.L2621414\.m2\repository\org\apache\maven\maven-repository-metadata\3.0\maven-repository-metadata-3.0.jar;C:\Users\Muriel.Proton.L2621414\.m2\repository\org\apache\maven\maven-model-builder\3.0\maven-model-builder-3.0.jar;C:\Users\Muriel.Proton.L2621414\.m2\repository\org\apache\maven\maven-aether-provider\3.0\maven-aether-provider-3.0.jar;C:\Users\Muriel.Proton.L2621414\.m2\repository\org\sonatype\aether\aether-impl\1.7\aether-impl-1.7.jar;C:\Users\Muriel.Proton.L2621414\.m2\repository\org\sonatype\aether\aether-spi\1.7\aether-spi-1.7.jar;C:\Users\Muriel.Proton.L2621414\.m2\repository\org\sonatype\aether\aether-api\1.7\aether-api-1.7.jar;C:\Users\Muriel.Proton.L2621414\.m2\repository\org\sonatype\aether\aether-util\1.7\aether-util-1.7.jar;C:\Users\Muriel.Proton.L2621414\.m2\repository\org\codehaus\plexus\plexus-classworlds\2.2.3\plexus-classworlds-2.2.3.jar;C:\Users\Muriel.Proton.L2621414\.m2\repository\org\codehaus\plexus\plexus-component-annotations\1.5.5\plexus-component-annotations-1.5.5.jar;C:\Users\Muriel.Proton.L2621414\.m2\repository\org\sonatype\plexus\plexus-sec-dispatcher\1.3\plexus-sec-dispatcher-1.3.jar;C:\Users\Muriel.Proton.L2621414\.m2\repository\org\sonatype\plexus\plexus-cipher\1.4\plexus-cipher-1.4.jar;C:\Users\Muriel.Proton.L2621414\.m2\repository\org\codehaus\plexus\plexus-utils\3.0.22\plexus-utils-3.0.22.jar;C:\Users\Muriel.Proton.L2621414\.m2\repository\org\apache\maven\shared\file-management\1.2.1\file-management-1.2.1.jar;C:\Users\Muriel.Proton.L2621414\.m2\repository\org\codehaus\plexus\plexus-container-default\1.0-alpha-9\plexus-container-default-1.0-alpha-9.jar;C:\Users\Muriel.Proton.L2621414\.m2\repository\junit\junit\3.8.1\junit-3.8.1.jar;C:\Users\Muriel.Proton.L2621414\.m2\repository\classworlds\classworlds\1.1-alpha-2\classworlds-1.1-alpha-2.jar;C:\Users\Muriel.Proton.L2621414\.m2\repository\org\apache\maven\reporting\maven-reporting-api\3.0\maven-reporting-api-3.0.jar;C:\Users\Muriel.Proton.L2621414\.m2\repository\org\apache\maven\doxia\doxia-sink-api\1.0\doxia-sink-api-1.0.jar;C:\Users\Muriel.Proton.L2621414\.m2\repository\org\apache\maven\reporting\maven-reporting-impl\2.1\maven-reporting-impl-2.1.jar;C:\Users\Muriel.Proton.L2621414\.m2\repository\org\apache\maven\maven-project\2.0.10\maven-project-2.0.10.jar;C:\Users\Muriel.Proton.L2621414\.m2\repository\org\apache\maven\maven-profile\2.0.10\maven-profile-2.0.10.jar;C:\Users\Muriel.Proton.L2621414\.m2\repository\org\apache\maven\maven-artifact-manager\2.0.10\maven-artifact-manager-2.0.10.jar;C:\Users\Muriel.Proton.L2621414\.m2\repository\org\apache\maven\maven-plugin-registry\2.0.10\maven-plugin-registry-2.0.10.jar;C:\Users\Muriel.Proton.L2621414\.m2\repository\org\apache\maven\doxia\doxia-core\1.1.2\doxia-core-1.1.2.jar;C:\Users\Muriel.Proton.L2621414\.m2\repository\org\apache\maven\doxia\doxia-logging-api\1.1.2\doxia-logging-api-1.1.2.jar;C:\Users\Muriel.Proton.L2621414\.m2\repository\xerces\xercesImpl\2.8.1\xercesImpl-2.8.1.jar;C:\Users\Muriel.Proton.L2621414\.m2\repository\commons-lang\commons-lang\2.4\commons-lang-2.4.jar;C:\Users\Muriel.Proton.L2621414\.m2\repository\commons-httpclient\commons-httpclient\3.1\commons-httpclient-3.1.jar;C:\Users\Muriel.Proton.L2621414\.m2\repository\org\apache\maven\doxia\doxia-site-renderer\1.1.2\doxia-site-renderer-1.1.2.jar;C:\Users\Muriel.Proton.L2621414\.m2\repository\org\apache\maven\doxia\doxia-decoration-model\1.1.2\doxia-decoration-model-1.1.2.jar;C:\Users\Muriel.Proton.L2621414\.m2\repository\org\apache\maven\doxia\doxia-module-xhtml\1.1.2\doxia-module-xhtml-1.1.2.jar;C:\Users\Muriel.Proton.L2621414\.m2\repository\org\apache\maven\doxia\doxia-module-fml\1.1.2\doxia-module-fml-1.1.2.jar;C:\Users\Muriel.Proton.L2621414\.m2\repository\org\codehaus\plexus\plexus-i18n\1.0-beta-7\plexus-i18n-1.0-beta-7.jar;C:\Users\Muriel.Proton.L2621414\.m2\repository\org\codehaus\plexus\plexus-velocity\1.1.7\plexus-velocity-1.1.7.jar;C:\Users\Muriel.Proton.L2621414\.m2\repository\org\apache\velocity\velocity\1.5\velocity-1.5.jar;C:\Users\Muriel.Proton.L2621414\.m2\repository\commons-collections\commons-collections\3.2\commons-collections-3.2.jar;C:\Users\Muriel.Proton.L2621414\.m2\repository\commons-validator\commons-validator\1.2.0\commons-validator-1.2.0.jar;C:\Users\Muriel.Proton.L2621414\.m2\repository\commons-beanutils\commons-beanutils\1.7.0\commons-beanutils-1.7.0.jar;C:\Users\Muriel.Proton.L2621414\.m2\repository\commons-digester\commons-digester\1.6\commons-digester-1.6.jar;C:\Users\Muriel.Proton.L2621414\.m2\repository\oro\oro\2.0.8\oro-2.0.8.jar;C:\Users\Muriel.Proton.L2621414\.m2\repository\xml-apis\xml-apis\1.0.b2\xml-apis-1.0.b2.jar;C:\Users\Muriel.Proton.L2621414\.m2\repository\org\jacoco\org.jacoco.agent\0.8.5\org.jacoco.agent-0.8.5-runtime.jar;C:\Users\Muriel.Proton.L2621414\.m2\repository\org\jacoco\org.jacoco.core\0.8.5\org.jacoco.core-0.8.5.jar;C:\Users\Muriel.Proton.L2621414\.m2\repository\org\ow2\asm\asm\7.2\asm-7.2.jar;C:\Users\Muriel.Proton.L2621414\.m2\repository\org\ow2\asm\asm-commons\7.2\asm-commons-7.2.jar;C:\Users\Muriel.Proton.L2621414\.m2\repository\org\ow2\asm\asm-analysis\7.2\asm-analysis-7.2.jar;C:\Users\Muriel.Proton.L2621414\.m2\repository\org\ow2\asm\asm-tree\7.2\asm-tree-7.2.jar;C:\Users\Muriel.Proton.L2621414\.m2\repository\org\jacoco\org.jacoco.report\0.8.5\org.jacoco.report-0.8.5.jar;C:\Users\Muriel.Proton.L2621414\.m2\repository\org\apache\maven\plugins\maven-assembly-plugin\3.0.0\maven-assembly-plugin-3.0.0.jar;C:\Users\Muriel.Proton.L2621414\.m2\repository\org\apache\maven\maven-artifact\3.0\maven-artifact-3.0.jar;C:\Users\Muriel.Proton.L2621414\.m2\repository\org\apache\maven\maven-model\3.0\maven-model-3.0.jar;C:\Users\Muriel.Proton.L2621414\.m2\repository\org\apache\maven\shared\maven-common-artifact-filters\3.0.1\maven-common-artifact-filters-3.0.1.jar;C:\Users\Muriel.Proton.L2621414\.m2\repository\org\apache\maven\shared\maven-shared-utils\3.1.0\maven-shared-utils-3.1.0.jar;C:\Users\Muriel.Proton.L2621414\.m2\repository\org\apache\maven\shared\maven-artifact-transfer\0.9.0\maven-artifact-transfer-0.9.0.jar;C:\Users\Muriel.Proton.L2621414\.m2\repository\org\slf4j\slf4j-api\1.7.5\slf4j-api-1.7.5.jar;C:\Users\Muriel.Proton.L2621414\.m2\repository\org\codehaus\plexus\plexus-interpolation\1.24\plexus-interpolation-1.24.jar;C:\Users\Muriel.Proton.L2621414\.m2\repository\org\codehaus\plexus\plexus-archiver\3.4\plexus-archiver-3.4.jar;C:\Users\Muriel.Proton.L2621414\.m2\repository\org\apache\commons\commons-compress\1.11\commons-compress-1.11.jar;C:\Users\Muriel.Proton.L2621414\.m2\repository\org\iq80\snappy\snappy\0.4\snappy-0.4.jar;C:\Users\Muriel.Proton.L2621414\.m2\repository\org\tukaani\xz\1.5\xz-1.5.jar;C:\Users\Muriel.Proton.L2621414\.m2\repository\org\apache\maven\shared\maven-shared-io\3.0.0\maven-shared-io-3.0.0.jar;C:\Users\Muriel.Proton.L2621414\.m2\repository\org\apache\maven\maven-compat\3.0\maven-compat-3.0.jar;C:\Users\Muriel.Proton.L2621414\.m2\repository\org\apache\maven\wagon\wagon-provider-api\2.10\wagon-provider-api-2.10.jar;C:\Users\Muriel.Proton.L2621414\.m2\repository\commons-io\commons-io\2.5\commons-io-2.5.jar;C:\Users\Muriel.Proton.L2621414\.m2\repository\org\apache\maven\shared\maven-filtering\3.1.1\maven-filtering-3.1.1.jar;C:\Users\Muriel.Proton.L2621414\.m2\repository\org\sonatype\plexus\plexus-build-api\0.0.7\plexus-build-api-0.0.7.jar;C:\Users\Muriel.Proton.L2621414\.m2\repository\org\codehaus\plexus\plexus-io\2.7.1\plexus-io-2.7.1.jar;C:\Users\Muriel.Proton.L2621414\.m2\repository\org\apache\maven\maven-archiver\3.1.1\maven-archiver-3.1.1.jar;C:\Users\Muriel.Proton.L2621414\.m2\repository\commons-codec\commons-codec\1.6\commons-codec-1.6.jar;C:\Users\Muriel.Proton.L2621414\.m2\repository\org\hibernate\hibernate-core\5.4.4.Final\hibernate-core-5.4.4.Final.jar;C:\Users\Muriel.Proton.L2621414\.m2\repository\org\jboss\logging\jboss-logging\3.3.2.Final\jboss-logging-3.3.2.Final.jar;C:\Users\Muriel.Proton.L2621414\.m2\repository\javax\persistence\javax.persistence-api\2.2\javax.persistence-api-2.2.jar;C:\Users\Muriel.Proton.L2621414\.m2\repository\org\javassist\javassist\3.24.0-GA\javassist-3.24.0-GA.jar;C:\Users\Muriel.Proton.L2621414\.m2\repository\net\bytebuddy\byte-buddy\1.9.11\byte-buddy-1.9.11.jar;C:\Users\Muriel.Proton.L2621414\.m2\repository\antlr\antlr\2.7.7\antlr-2.7.7.jar;C:\Users\Muriel.Proton.L2621414\.m2\repository\org\jboss\spec\javax\transaction\jboss-transaction-api_1.2_spec\1.1.1.Final\jboss-transaction-api_1.2_spec-1.1.1.Final.jar;C:\Users\Muriel.Proton.L2621414\.m2\repository\org\jboss\jandex\2.0.5.Final\jandex-2.0.5.Final.jar;C:\Users\Muriel.Proton.L2621414\.m2\repository\com\fasterxml\classmate\1.3.4\classmate-1.3.4.jar;C:\Users\Muriel.Proton.L2621414\.m2\repository\javax\activation\javax.activation-api\1.2.0\javax.activation-api-1.2.0.jar;C:\Users\Muriel.Proton.L2621414\.m2\repository\org\dom4j\dom4j\2.1.1\dom4j-2.1.1.jar;C:\Users\Muriel.Proton.L2621414\.m2\repository\org\hibernate\common\hibernate-commons-annotations\5.1.0.Final\hibernate-commons-annotations-5.1.0.Final.jar;C:\Users\Muriel.Proton.L2621414\.m2\repository\javax\xml\bind\jaxb-api\2.3.1\jaxb-api-2.3.1.jar;C:\Users\Muriel.Proton.L2621414\.m2\repository\org\glassfish\jaxb\jaxb-runtime\2.3.1\jaxb-runtime-2.3.1.jar;C:\Users\Muriel.Proton.L2621414\.m2\repository\org\glassfish\jaxb\txw2\2.3.1\txw2-2.3.1.jar;C:\Users\Muriel.Proton.L2621414\.m2\repository\com\sun\istack\istack-commons-runtime\3.0.7\istack-commons-runtime-3.0.7.jar;C:\Users\Muriel.Proton.L2621414\.m2\repository\org\jvnet\staxex\stax-ex\1.8\stax-ex-1.8.jar;C:\Users\Muriel.Proton.L2621414\.m2\repository\com\sun\xml\fastinfoset\FastInfoset\1.2.15\FastInfoset-1.2.15.jar;C:\Users\Muriel.Proton.L2621414\.m2\repository\com\google\appengine\appengine-api-1.0-sdk\1.9.76\appengine-api-1.0-sdk-1.9.76.jar;C:\Users\Muriel.Proton.L2621414\.m2\repository\org\scala-lang\scala-library\2.13.0\scala-library-2.13.0.jar;C:\Users\Muriel.Proton.L2621414\.m2\repository\uk\org\retep\microkernel\shell\10.5.1\shell-10.5.1.jar;C:\Users\Muriel.Proton.L2621414\.m2\repository\uk\org\retep\microkernel\logger\10.5.1\logger-10.5.1.jar;C:\Users\Muriel.Proton.L2621414\.m2\repository\org\slf4j\slf4j-log4j12\1.5.11\slf4j-log4j12-1.5.11.jar;C:\Users\Muriel.Proton.L2621414\.m2\repository\uk\org\retep\tools\io\10.5.1\io-10.5.1.jar;C:\Users\Muriel.Proton.L2621414\.m2\repository\uk\org\retep\tools\cluster\10.5.1\cluster-10.5.1.jar;C:\Users\Muriel.Proton.L2621414\.m2\repository\uk\org\retep\tools\concurrency\10.5.1\concurrency-10.5.1.jar;C:\Users\Muriel.Proton.L2621414\.m2\repository\uk\org\retep\tools\logging\10.5.1\logging-10.5.1.jar;C:\Users\Muriel.Proton.L2621414\.m2\repository\uk\org\retep\tools\annotations\10.5.1\annotations-10.5.1.jar;C:\Users\Muriel.Proton.L2621414\.m2\repository\com\google\code\findbugs\jsr305\1.3.9\jsr305-1.3.9.jar;C:\Users\Muriel.Proton.L2621414\.m2\repository\log4j\log4j\1.2.14\log4j-1.2.14.jar;C:\Users\Muriel.Proton.L2621414\.m2\repository\commons-logging\commons-logging\1.1.1\commons-logging-1.1.1.jar;C:\Users\Muriel.Proton.L2621414\.m2\repository\uk\org\retep\tools\collections\10.5.1\collections-10.5.1.jar;C:\Users\Muriel.Proton.L2621414\.m2\repository\uk\org\retep\tools\strings\10.5.1\strings-10.5.1.jar;C:\Users\Muriel.Proton.L2621414\.m2\repository\org\codehaus\groovy\groovy\1.7.1\groovy-1.7.1.jar;C:\Users\Muriel.Proton.L2621414\.m2\repository\asm\asm\3.2\asm-3.2.jar;C:\Users\Muriel.Proton.L2621414\.m2\repository\asm\asm-commons\3.2\asm-commons-3.2.jar;C:\Users\Muriel.Proton.L2621414\.m2\repository\asm\asm-util\3.2\asm-util-3.2.jar;C:\Users\Muriel.Proton.L2621414\.m2\repository\asm\asm-analysis\3.2\asm-analysis-3.2.jar;C:\Users\Muriel.Proton.L2621414\.m2\repository\asm\asm-tree\3.2\asm-tree-3.2.jar;C:\Users\Muriel.Proton.L2621414\.m2\repository\jline\jline\0.9.94\jline-0.9.94.jar;"/>
    <property name="java.vm.vendor" value="Oracle Corporation"/>
    <property name="sun.arch.data.model" value="64"/>
    <property name="user.variant" value=""/>
    <property name="java.vendor.url" value="https://openjdk.java.net/"/>
    <property name="user.timezone" value=""/>
    <property name="java.vm.specification.version" value="11"/>
    <property name="os.name" value="Windows 10"/>
    <property name="sun.java.launcher" value="SUN_STANDARD"/>
    <property name="user.country" value="FR"/>
    <property name="sun.boot.library.path" value="C:\Program Files\Java\jdk-11.0.12\bin"/>
    <property name="sun.java.command" value="C:\Users\MURIEL~1.L26\AppData\Local\Temp\surefire11568012257109050667\surefirebooter9705177098130918261.jar C:\Users\Muriel.Proton.L2621414\AppData\Local\Temp\surefire11568012257109050667 2021-11-29T18-23-05_393-jvmRun1 surefire5859534823210094718tmp surefire_02054220530350081145tmp"/>
    <property name="jdk.debug" value="release"/>
    <property name="surefire.test.class.path" value="C:\WorkSpace\OpenclassroomsP5\parkingsystem\target\test-classes;C:\WorkSpace\OpenclassroomsP5\parkingsystem\target\classes;C:\Users\Muriel.Proton.L2621414\.m2\repository\org\apache\logging\log4j\log4j-api\2.12.1\log4j-api-2.12.1.jar;C:\Users\Muriel.Proton.L2621414\.m2\repository\org\apache\logging\log4j\log4j-core\2.12.1\log4j-core-2.12.1.jar;C:\Users\Muriel.Proton.L2621414\.m2\repository\org\apache\logging\log4j\log4j-1.2-api\2.2\log4j-1.2-api-2.2.jar;C:\Users\Muriel.Proton.L2621414\.m2\repository\mysql\mysql-connector-java\8.0.17\mysql-connector-java-8.0.17.jar;C:\Users\Muriel.Proton.L2621414\.m2\repository\com\google\protobuf\protobuf-java\3.6.1\protobuf-java-3.6.1.jar;C:\Users\Muriel.Proton.L2621414\.m2\repository\org\junit\jupiter\junit-jupiter-api\5.3.2\junit-jupiter-api-5.3.2.jar;C:\Users\Muriel.Proton.L2621414\.m2\repository\org\apiguardian\apiguardian-api\1.0.0\apiguardian-api-1.0.0.jar;C:\Users\Muriel.Proton.L2621414\.m2\repository\org\opentest4j\opentest4j\1.1.1\opentest4j-1.1.1.jar;C:\Users\Muriel.Proton.L2621414\.m2\repository\org\junit\platform\junit-platform-commons\1.3.2\junit-platform-commons-1.3.2.jar;C:\Users\Muriel.Proton.L2621414\.m2\repository\org\junit\jupiter\junit-jupiter-engine\5.3.2\junit-jupiter-engine-5.3.2.jar;C:\Users\Muriel.Proton.L2621414\.m2\repository\org\junit\platform\junit-platform-engine\1.3.2\junit-platform-engine-1.3.2.jar;C:\Users\Muriel.Proton.L2621414\.m2\repository\org\mockito\mockito-junit-jupiter\2.23.4\mockito-junit-jupiter-2.23.4.jar;C:\Users\Muriel.Proton.L2621414\.m2\repository\org\mockito\mockito-core\2.23.4\mockito-core-2.23.4.jar;C:\Users\Muriel.Proton.L2621414\.m2\repository\net\bytebuddy\byte-buddy-agent\1.9.3\byte-buddy-agent-1.9.3.jar;C:\Users\Muriel.Proton.L2621414\.m2\repository\org\objenesis\objenesis\2.6\objenesis-2.6.jar;C:\Users\Muriel.Proton.L2621414\.m2\repository\org\jacoco\jacoco-maven-plugin\0.8.5\jacoco-maven-plugin-0.8.5.jar;C:\Users\Muriel.Proton.L2621414\.m2\repository\org\apache\maven\maven-plugin-api\3.0\maven-plugin-api-3.0.jar;C:\Users\Muriel.Proton.L2621414\.m2\repository\org\sonatype\sisu\sisu-inject-plexus\1.4.2\sisu-inject-plexus-1.4.2.jar;C:\Users\Muriel.Proton.L2621414\.m2\repository\org\sonatype\sisu\sisu-inject-bean\1.4.2\sisu-inject-bean-1.4.2.jar;C:\Users\Muriel.Proton.L2621414\.m2\repository\org\sonatype\sisu\sisu-guice\2.1.7\sisu-guice-2.1.7-noaop.jar;C:\Users\Muriel.Proton.L2621414\.m2\repository\org\apache\maven\maven-core\3.0\maven-core-3.0.jar;C:\Users\Muriel.Proton.L2621414\.m2\repository\org\apache\maven\maven-settings\3.0\maven-settings-3.0.jar;C:\Users\Muriel.Proton.L2621414\.m2\repository\org\apache\maven\maven-settings-builder\3.0\maven-settings-builder-3.0.jar;C:\Users\Muriel.Proton.L2621414\.m2\repository\org\apache\maven\maven-repository-metadata\3.0\maven-repository-metadata-3.0.jar;C:\Users\Muriel.Proton.L2621414\.m2\repository\org\apache\maven\maven-model-builder\3.0\maven-model-builder-3.0.jar;C:\Users\Muriel.Proton.L2621414\.m2\repository\org\apache\maven\maven-aether-provider\3.0\maven-aether-provider-3.0.jar;C:\Users\Muriel.Proton.L2621414\.m2\repository\org\sonatype\aether\aether-impl\1.7\aether-impl-1.7.jar;C:\Users\Muriel.Proton.L2621414\.m2\repository\org\sonatype\aether\aether-spi\1.7\aether-spi-1.7.jar;C:\Users\Muriel.Proton.L2621414\.m2\repository\org\sonatype\aether\aether-api\1.7\aether-api-1.7.jar;C:\Users\Muriel.Proton.L2621414\.m2\repository\org\sonatype\aether\aether-util\1.7\aether-util-1.7.jar;C:\Users\Muriel.Proton.L2621414\.m2\repository\org\codehaus\plexus\plexus-classworlds\2.2.3\plexus-classworlds-2.2.3.jar;C:\Users\Muriel.Proton.L2621414\.m2\repository\org\codehaus\plexus\plexus-component-annotations\1.5.5\plexus-component-annotations-1.5.5.jar;C:\Users\Muriel.Proton.L2621414\.m2\repository\org\sonatype\plexus\plexus-sec-dispatcher\1.3\plexus-sec-dispatcher-1.3.jar;C:\Users\Muriel.Proton.L2621414\.m2\repository\org\sonatype\plexus\plexus-cipher\1.4\plexus-cipher-1.4.jar;C:\Users\Muriel.Proton.L2621414\.m2\repository\org\codehaus\plexus\plexus-utils\3.0.22\plexus-utils-3.0.22.jar;C:\Users\Muriel.Proton.L2621414\.m2\repository\org\apache\maven\shared\file-management\1.2.1\file-management-1.2.1.jar;C:\Users\Muriel.Proton.L2621414\.m2\repository\org\codehaus\plexus\plexus-container-default\1.0-alpha-9\plexus-container-default-1.0-alpha-9.jar;C:\Users\Muriel.Proton.L2621414\.m2\repository\junit\junit\3.8.1\junit-3.8.1.jar;C:\Users\Muriel.Proton.L2621414\.m2\repository\classworlds\classworlds\1.1-alpha-2\classworlds-1.1-alpha-2.jar;C:\Users\Muriel.Proton.L2621414\.m2\repository\org\apache\maven\reporting\maven-reporting-api\3.0\maven-reporting-api-3.0.jar;C:\Users\Muriel.Proton.L2621414\.m2\repository\org\apache\maven\doxia\doxia-sink-api\1.0\doxia-sink-api-1.0.jar;C:\Users\Muriel.Proton.L2621414\.m2\repository\org\apache\maven\reporting\maven-reporting-impl\2.1\maven-reporting-impl-2.1.jar;C:\Users\Muriel.Proton.L2621414\.m2\repository\org\apache\maven\maven-project\2.0.10\maven-project-2.0.10.jar;C:\Users\Muriel.Proton.L2621414\.m2\repository\org\apache\maven\maven-profile\2.0.10\maven-profile-2.0.10.jar;C:\Users\Muriel.Proton.L2621414\.m2\repository\org\apache\maven\maven-artifact-manager\2.0.10\maven-artifact-manager-2.0.10.jar;C:\Users\Muriel.Proton.L2621414\.m2\repository\org\apache\maven\maven-plugin-registry\2.0.10\maven-plugin-registry-2.0.10.jar;C:\Users\Muriel.Proton.L2621414\.m2\repository\org\apache\maven\doxia\doxia-core\1.1.2\doxia-core-1.1.2.jar;C:\Users\Muriel.Proton.L2621414\.m2\repository\org\apache\maven\doxia\doxia-logging-api\1.1.2\doxia-logging-api-1.1.2.jar;C:\Users\Muriel.Proton.L2621414\.m2\repository\xerces\xercesImpl\2.8.1\xercesImpl-2.8.1.jar;C:\Users\Muriel.Proton.L2621414\.m2\repository\commons-lang\commons-lang\2.4\commons-lang-2.4.jar;C:\Users\Muriel.Proton.L2621414\.m2\repository\commons-httpclient\commons-httpclient\3.1\commons-httpclient-3.1.jar;C:\Users\Muriel.Proton.L2621414\.m2\repository\org\apache\maven\doxia\doxia-site-renderer\1.1.2\doxia-site-renderer-1.1.2.jar;C:\Users\Muriel.Proton.L2621414\.m2\repository\org\apache\maven\doxia\doxia-decoration-model\1.1.2\doxia-decoration-model-1.1.2.jar;C:\Users\Muriel.Proton.L2621414\.m2\repository\org\apache\maven\doxia\doxia-module-xhtml\1.1.2\doxia-module-xhtml-1.1.2.jar;C:\Users\Muriel.Proton.L2621414\.m2\repository\org\apache\maven\doxia\doxia-module-fml\1.1.2\doxia-module-fml-1.1.2.jar;C:\Users\Muriel.Proton.L2621414\.m2\repository\org\codehaus\plexus\plexus-i18n\1.0-beta-7\plexus-i18n-1.0-beta-7.jar;C:\Users\Muriel.Proton.L2621414\.m2\repository\org\codehaus\plexus\plexus-velocity\1.1.7\plexus-velocity-1.1.7.jar;C:\Users\Muriel.Proton.L2621414\.m2\repository\org\apache\velocity\velocity\1.5\velocity-1.5.jar;C:\Users\Muriel.Proton.L2621414\.m2\repository\commons-collections\commons-collections\3.2\commons-collections-3.2.jar;C:\Users\Muriel.Proton.L2621414\.m2\repository\commons-validator\commons-validator\1.2.0\commons-validator-1.2.0.jar;C:\Users\Muriel.Proton.L2621414\.m2\repository\commons-beanutils\commons-beanutils\1.7.0\commons-beanutils-1.7.0.jar;C:\Users\Muriel.Proton.L2621414\.m2\repository\commons-digester\commons-digester\1.6\commons-digester-1.6.jar;C:\Users\Muriel.Proton.L2621414\.m2\repository\oro\oro\2.0.8\oro-2.0.8.jar;C:\Users\Muriel.Proton.L2621414\.m2\repository\xml-apis\xml-apis\1.0.b2\xml-apis-1.0.b2.jar;C:\Users\Muriel.Proton.L2621414\.m2\repository\org\jacoco\org.jacoco.agent\0.8.5\org.jacoco.agent-0.8.5-runtime.jar;C:\Users\Muriel.Proton.L2621414\.m2\repository\org\jacoco\org.jacoco.core\0.8.5\org.jacoco.core-0.8.5.jar;C:\Users\Muriel.Proton.L2621414\.m2\repository\org\ow2\asm\asm\7.2\asm-7.2.jar;C:\Users\Muriel.Proton.L2621414\.m2\repository\org\ow2\asm\asm-commons\7.2\asm-commons-7.2.jar;C:\Users\Muriel.Proton.L2621414\.m2\repository\org\ow2\asm\asm-analysis\7.2\asm-analysis-7.2.jar;C:\Users\Muriel.Proton.L2621414\.m2\repository\org\ow2\asm\asm-tree\7.2\asm-tree-7.2.jar;C:\Users\Muriel.Proton.L2621414\.m2\repository\org\jacoco\org.jacoco.report\0.8.5\org.jacoco.report-0.8.5.jar;C:\Users\Muriel.Proton.L2621414\.m2\repository\org\apache\maven\plugins\maven-assembly-plugin\3.0.0\maven-assembly-plugin-3.0.0.jar;C:\Users\Muriel.Proton.L2621414\.m2\repository\org\apache\maven\maven-artifact\3.0\maven-artifact-3.0.jar;C:\Users\Muriel.Proton.L2621414\.m2\repository\org\apache\maven\maven-model\3.0\maven-model-3.0.jar;C:\Users\Muriel.Proton.L2621414\.m2\repository\org\apache\maven\shared\maven-common-artifact-filters\3.0.1\maven-common-artifact-filters-3.0.1.jar;C:\Users\Muriel.Proton.L2621414\.m2\repository\org\apache\maven\shared\maven-shared-utils\3.1.0\maven-shared-utils-3.1.0.jar;C:\Users\Muriel.Proton.L2621414\.m2\repository\org\apache\maven\shared\maven-artifact-transfer\0.9.0\maven-artifact-transfer-0.9.0.jar;C:\Users\Muriel.Proton.L2621414\.m2\repository\org\slf4j\slf4j-api\1.7.5\slf4j-api-1.7.5.jar;C:\Users\Muriel.Proton.L2621414\.m2\repository\org\codehaus\plexus\plexus-interpolation\1.24\plexus-interpolation-1.24.jar;C:\Users\Muriel.Proton.L2621414\.m2\repository\org\codehaus\plexus\plexus-archiver\3.4\plexus-archiver-3.4.jar;C:\Users\Muriel.Proton.L2621414\.m2\repository\org\apache\commons\commons-compress\1.11\commons-compress-1.11.jar;C:\Users\Muriel.Proton.L2621414\.m2\repository\org\iq80\snappy\snappy\0.4\snappy-0.4.jar;C:\Users\Muriel.Proton.L2621414\.m2\repository\org\tukaani\xz\1.5\xz-1.5.jar;C:\Users\Muriel.Proton.L2621414\.m2\repository\org\apache\maven\shared\maven-shared-io\3.0.0\maven-shared-io-3.0.0.jar;C:\Users\Muriel.Proton.L2621414\.m2\repository\org\apache\maven\maven-compat\3.0\maven-compat-3.0.jar;C:\Users\Muriel.Proton.L2621414\.m2\repository\org\apache\maven\wagon\wagon-provider-api\2.10\wagon-provider-api-2.10.jar;C:\Users\Muriel.Proton.L2621414\.m2\repository\commons-io\commons-io\2.5\commons-io-2.5.jar;C:\Users\Muriel.Proton.L2621414\.m2\repository\org\apache\maven\shared\maven-filtering\3.1.1\maven-filtering-3.1.1.jar;C:\Users\Muriel.Proton.L2621414\.m2\repository\org\sonatype\plexus\plexus-build-api\0.0.7\plexus-build-api-0.0.7.jar;C:\Users\Muriel.Proton.L2621414\.m2\repository\org\codehaus\plexus\plexus-io\2.7.1\plexus-io-2.7.1.jar;C:\Users\Muriel.Proton.L2621414\.m2\repository\org\apache\maven\maven-archiver\3.1.1\maven-archiver-3.1.1.jar;C:\Users\Muriel.Proton.L2621414\.m2\repository\commons-codec\commons-codec\1.6\commons-codec-1.6.jar;C:\Users\Muriel.Proton.L2621414\.m2\repository\org\hibernate\hibernate-core\5.4.4.Final\hibernate-core-5.4.4.Final.jar;C:\Users\Muriel.Proton.L2621414\.m2\repository\org\jboss\logging\jboss-logging\3.3.2.Final\jboss-logging-3.3.2.Final.jar;C:\Users\Muriel.Proton.L2621414\.m2\repository\javax\persistence\javax.persistence-api\2.2\javax.persistence-api-2.2.jar;C:\Users\Muriel.Proton.L2621414\.m2\repository\org\javassist\javassist\3.24.0-GA\javassist-3.24.0-GA.jar;C:\Users\Muriel.Proton.L2621414\.m2\repository\net\bytebuddy\byte-buddy\1.9.11\byte-buddy-1.9.11.jar;C:\Users\Muriel.Proton.L2621414\.m2\repository\antlr\antlr\2.7.7\antlr-2.7.7.jar;C:\Users\Muriel.Proton.L2621414\.m2\repository\org\jboss\spec\javax\transaction\jboss-transaction-api_1.2_spec\1.1.1.Final\jboss-transaction-api_1.2_spec-1.1.1.Final.jar;C:\Users\Muriel.Proton.L2621414\.m2\repository\org\jboss\jandex\2.0.5.Final\jandex-2.0.5.Final.jar;C:\Users\Muriel.Proton.L2621414\.m2\repository\com\fasterxml\classmate\1.3.4\classmate-1.3.4.jar;C:\Users\Muriel.Proton.L2621414\.m2\repository\javax\activation\javax.activation-api\1.2.0\javax.activation-api-1.2.0.jar;C:\Users\Muriel.Proton.L2621414\.m2\repository\org\dom4j\dom4j\2.1.1\dom4j-2.1.1.jar;C:\Users\Muriel.Proton.L2621414\.m2\repository\org\hibernate\common\hibernate-commons-annotations\5.1.0.Final\hibernate-commons-annotations-5.1.0.Final.jar;C:\Users\Muriel.Proton.L2621414\.m2\repository\javax\xml\bind\jaxb-api\2.3.1\jaxb-api-2.3.1.jar;C:\Users\Muriel.Proton.L2621414\.m2\repository\org\glassfish\jaxb\jaxb-runtime\2.3.1\jaxb-runtime-2.3.1.jar;C:\Users\Muriel.Proton.L2621414\.m2\repository\org\glassfish\jaxb\txw2\2.3.1\txw2-2.3.1.jar;C:\Users\Muriel.Proton.L2621414\.m2\repository\com\sun\istack\istack-commons-runtime\3.0.7\istack-commons-runtime-3.0.7.jar;C:\Users\Muriel.Proton.L2621414\.m2\repository\org\jvnet\staxex\stax-ex\1.8\stax-ex-1.8.jar;C:\Users\Muriel.Proton.L2621414\.m2\repository\com\sun\xml\fastinfoset\FastInfoset\1.2.15\FastInfoset-1.2.15.jar;C:\Users\Muriel.Proton.L2621414\.m2\repository\com\google\appengine\appengine-api-1.0-sdk\1.9.76\appengine-api-1.0-sdk-1.9.76.jar;C:\Users\Muriel.Proton.L2621414\.m2\repository\org\scala-lang\scala-library\2.13.0\scala-library-2.13.0.jar;C:\Users\Muriel.Proton.L2621414\.m2\repository\uk\org\retep\microkernel\shell\10.5.1\shell-10.5.1.jar;C:\Users\Muriel.Proton.L2621414\.m2\repository\uk\org\retep\microkernel\logger\10.5.1\logger-10.5.1.jar;C:\Users\Muriel.Proton.L2621414\.m2\repository\org\slf4j\slf4j-log4j12\1.5.11\slf4j-log4j12-1.5.11.jar;C:\Users\Muriel.Proton.L2621414\.m2\repository\uk\org\retep\tools\io\10.5.1\io-10.5.1.jar;C:\Users\Muriel.Proton.L2621414\.m2\repository\uk\org\retep\tools\cluster\10.5.1\cluster-10.5.1.jar;C:\Users\Muriel.Proton.L2621414\.m2\repository\uk\org\retep\tools\concurrency\10.5.1\concurrency-10.5.1.jar;C:\Users\Muriel.Proton.L2621414\.m2\repository\uk\org\retep\tools\logging\10.5.1\logging-10.5.1.jar;C:\Users\Muriel.Proton.L2621414\.m2\repository\uk\org\retep\tools\annotations\10.5.1\annotations-10.5.1.jar;C:\Users\Muriel.Proton.L2621414\.m2\repository\com\google\code\findbugs\jsr305\1.3.9\jsr305-1.3.9.jar;C:\Users\Muriel.Proton.L2621414\.m2\repository\log4j\log4j\1.2.14\log4j-1.2.14.jar;C:\Users\Muriel.Proton.L2621414\.m2\repository\commons-logging\commons-logging\1.1.1\commons-logging-1.1.1.jar;C:\Users\Muriel.Proton.L2621414\.m2\repository\uk\org\retep\tools\collections\10.5.1\collections-10.5.1.jar;C:\Users\Muriel.Proton.L2621414\.m2\repository\uk\org\retep\tools\strings\10.5.1\strings-10.5.1.jar;C:\Users\Muriel.Proton.L2621414\.m2\repository\org\codehaus\groovy\groovy\1.7.1\groovy-1.7.1.jar;C:\Users\Muriel.Proton.L2621414\.m2\repository\asm\asm\3.2\asm-3.2.jar;C:\Users\Muriel.Proton.L2621414\.m2\repository\asm\asm-commons\3.2\asm-commons-3.2.jar;C:\Users\Muriel.Proton.L2621414\.m2\repository\asm\asm-util\3.2\asm-util-3.2.jar;C:\Users\Muriel.Proton.L2621414\.m2\repository\asm\asm-analysis\3.2\asm-analysis-3.2.jar;C:\Users\Muriel.Proton.L2621414\.m2\repository\asm\asm-tree\3.2\asm-tree-3.2.jar;C:\Users\Muriel.Proton.L2621414\.m2\repository\jline\jline\0.9.94\jline-0.9.94.jar;"/>
    <property name="sun.cpu.endian" value="little"/>
    <property name="user.home" value="C:\Users\Muriel.Proton.L2621414"/>
    <property name="user.language" value="fr"/>
    <property name="java.specification.vendor" value="Oracle Corporation"/>
    <property name="java.version.date" value="2021-07-20"/>
    <property name="java.home" value="C:\Program Files\Java\jdk-11.0.12"/>
    <property name="file.separator" value="\"/>
    <property name="basedir" value="C:\WorkSpace\OpenclassroomsP5\parkingsystem"/>
    <property name="java.vm.compressedOopsMode" value="Zero based"/>
    <property name="line.separator" value="&#10;"/>
    <property name="java.specification.name" value="Java Platform API Specification"/>
    <property name="java.vm.specification.vendor" value="Oracle Corporation"/>
    <property name="java.awt.graphicsenv" value="sun.awt.Win32GraphicsEnvironment"/>
    <property name="surefire.real.class.path" value="C:\Users\MURIEL~1.L26\AppData\Local\Temp\surefire11568012257109050667\surefirebooter9705177098130918261.jar"/>
    <property name="user.script" value=""/>
    <property name="sun.management.compiler" value="HotSpot 64-Bit Tiered Compilers"/>
    <property name="java.runtime.version" value="11.0.12+8-LTS-237"/>
    <property name="user.name" value="Muriel.Proton"/>
    <property name="path.separator" value=";"/>
    <property name="os.version" value="10.0"/>
    <property name="java.runtime.name" value="Java(TM) SE Runtime Environment"/>
    <property name="file.encoding" value="Cp1252"/>
    <property name="java.vm.name" value="Java HotSpot(TM) 64-Bit Server VM"/>
    <property name="java.vendor.version" value="18.9"/>
    <property name="localRepository" value="C:\Users\Muriel.Proton.L2621414\.m2\repository"/>
    <property name="java.vendor.url.bug" value="https://bugreport.java.com/bugreport/"/>
    <property name="java.io.tmpdir" value="C:\Users\MURIEL~1.L26\AppData\Local\Temp\"/>
    <property name="java.version" value="11.0.12"/>
    <property name="user.dir" value="C:\WorkSpace\OpenclassroomsP5\parkingsystem"/>
    <property name="os.arch" value="amd64"/>
    <property name="java.vm.specification.name" value="Java Virtual Machine Specification"/>
    <property name="java.awt.printerjob" value="sun.awt.windows.WPrinterJob"/>
    <property name="sun.os.patch.level" value=""/>
    <property name="java.library.path" value="C:\Program Files\Java\jdk-11.0.12\bin;C:\Windows\Sun\Java\bin;C:\Windows\system32;C:\Windows;C:\Program Files\Eclipse Foundation\jdk-17.0.0.35-hotspot\bin;C:\Program Files\Java\jdk-11.0.12\bin;C:\Python39\Scripts\;C:\Python39\;C:\Windows\system32;C:\Windows;C:\Windows\System32\Wbem;C:\Windows\System32\WindowsPowerShell\v1.0\;C:\Windows\System32\OpenSSH\;C:\Program Files\Git\cmd;C:\Program Files\nodejs\;C:\ProgramData\chocolatey\bin;C:\Users\Muriel.Proton.L2621414\AppData\Local\sfdx\client\7.116.2-7d0f61b\bin;C:\Program Files\Docker\Docker\resources\bin;C:\ProgramData\DockerDesktop\version-bin;%MAVEN%\bin;C:\Program Files\MySQL\MySQL Shell 8.0\bin\;C:\Users\Muriel.Proton.L2621414\AppData\Local\Microsoft\WindowsApps;C:\Users\Muriel.Proton.L2621414\AppData\Local\Programs\Microsoft VS Code\bin;C:\Users\Muriel.Proton.L2621414\AppData\Roaming\npm;C:\Program Files\sfdx\bin;C:\Program Files\Java\jdk-11.0.12\bin;C:\Program Files\apache-maven-3.8.3\bin;;."/>
    <property name="java.vendor" value="Oracle Corporation"/>
    <property name="java.vm.info" value="mixed mode"/>
    <property name="java.vm.version" value="11.0.12+8-LTS-237"/>
    <property name="sun.io.unicode.encoding" value="UnicodeLittle"/>
    <property name="java.class.version" value="55.0"/>
  </properties>
  <testcase name="getVehichleTypeCarTest" classname="com.parkit.parkingsystem.ParkingServiceTest" time="0.087"/>
  <testcase name="getVehichleTypeUnknownTest" classname="com.parkit.parkingsystem.ParkingServiceTest" time="0.001"/>
  <testcase name="getVehichleTypeBikeTest" classname="com.parkit.parkingsystem.ParkingServiceTest" time="0.001"/>
  <testcase name="processExitingVehicleTest" classname="com.parkit.parkingsystem.ParkingServiceTest" time="0.012"/>
</testsuite>